# JRE version: Java(TM) SE Runtime Environment (8.0_121-b13) (build 1.8.0_121-b13)
# Java VM: Java HotSpot(TM) 64-Bit Server VM (25.121-b13 mixed mode windows-amd64 compressed oops)
Heap:
 PSYoungGen      total 312320K, used 32870K [0x00000000eb300000, 0x0000000100000000, 0x0000000100000000)
  eden space 299520K, 6% used [0x00000000eb300000,0x00000000ec69c010,0x00000000fd780000)
  from space 12800K, 99% used [0x00000000fd780000,0x00000000fe3fdb70,0x00000000fe400000)
  to   space 15872K, 0% used [0x00000000ff080000,0x00000000ff080000,0x0000000100000000)
 ParOldGen       total 76288K, used 62820K [0x00000000c1800000, 0x00000000c6280000, 0x00000000eb300000)
  object space 76288K, 82% used [0x00000000c1800000,0x00000000c5559098,0x00000000c6280000)
 Metaspace       used 66841K, capacity 71248K, committed 71424K, reserved 1112064K
  class space    used 8830K, capacity 9702K, committed 9728K, reserved 1048576K
GC Heap History (10 events):
Event: 437.095 GC heap before
{Heap before GC invocations=31 (full 10):
 PSYoungGen      total 312832K, used 190134K [0x00000000eb300000, 0x00000000ff280000, 0x0000000100000000)
  eden space 299520K, 63% used [0x00000000eb300000,0x00000000f6cadac0,0x00000000fd780000)
  from space 13312K, 0% used [0x00000000fe580000,0x00000000fe580000,0x00000000ff280000)
  to   space 13824K, 0% used [0x00000000fd780000,0x00000000fd780000,0x00000000fe500000)
 ParOldGen       total 76288K, used 52528K [0x00000000c1800000, 0x00000000c6280000, 0x00000000eb300000)
  object space 76288K, 68% used [0x00000000c1800000,0x00000000c4b4c250,0x00000000c6280000)
 Metaspace       used 65875K, capacity 70110K, committed 70272K, reserved 1110016K
  class space    used 8768K, capacity 9575K, committed 9600K, reserved 1048576K
Event: 437.101 GC heap after
Heap after GC invocations=31 (full 10):
 PSYoungGen      total 306688K, used 7118K [0x00000000eb300000, 0x00000000ff180000, 0x0000000100000000)
  eden space 299520K, 0% used [0x00000000eb300000,0x00000000eb300000,0x00000000fd780000)
  from space 7168K, 99% used [0x00000000fd780000,0x00000000fde73890,0x00000000fde80000)
  to   space 13312K, 0% used [0x00000000fe480000,0x00000000fe480000,0x00000000ff180000)
 ParOldGen       total 76288K, used 52536K [0x00000000c1800000, 0x00000000c6280000, 0x00000000eb300000)
  object space 76288K, 68% used [0x00000000c1800000,0x00000000c4b4e250,0x00000000c6280000)
 Metaspace       used 65875K, capacity 70110K, committed 70272K, reserved 1110016K
  class space    used 8768K, capacity 9575K, committed 9600K, reserved 1048576K
}
Event: 437.101 GC heap before
{Heap before GC invocations=32 (full 11):
 PSYoungGen      total 306688K, used 7118K [0x00000000eb300000, 0x00000000ff180000, 0x0000000100000000)
  eden space 299520K, 0% used [0x00000000eb300000,0x00000000eb300000,0x00000000fd780000)
  from space 7168K, 99% used [0x00000000fd780000,0x00000000fde73890,0x00000000fde80000)
  to   space 13312K, 0% used [0x00000000fe480000,0x00000000fe480000,0x00000000ff180000)
 ParOldGen       total 76288K, used 52536K [0x00000000c1800000, 0x00000000c6280000, 0x00000000eb300000)
  object space 76288K, 68% used [0x00000000c1800000,0x00000000c4b4e250,0x00000000c6280000)
 Metaspace       used 65875K, capacity 70110K, committed 70272K, reserved 1110016K
  class space    used 8768K, capacity 9575K, committed 9600K, reserved 1048576K
Event: 437.336 GC heap after
Heap after GC invocations=32 (full 11):
 PSYoungGen      total 306688K, used 0K [0x00000000eb300000, 0x00000000ff180000, 0x0000000100000000)
  eden space 299520K, 0% used [0x00000000eb300000,0x00000000eb300000,0x00000000fd780000)
  from space 7168K, 0% used [0x00000000fd780000,0x00000000fd780000,0x00000000fde80000)
  to   space 13312K, 0% used [0x00000000fe480000,0x00000000fe480000,0x00000000ff180000)
 ParOldGen       total 76288K, used 55594K [0x00000000c1800000, 0x00000000c6280000, 0x00000000eb300000)
  object space 76288K, 72% used [0x00000000c1800000,0x00000000c4e4a930,0x00000000c6280000)
 Metaspace       used 65875K, capacity 70110K, committed 70272K, reserved 1110016K
  class space    used 8768K, capacity 9575K, committed 9600K, reserved 1048576K
}
Event: 576.130 GC heap before
{Heap before GC invocations=33 (full 11):
 PSYoungGen      total 306688K, used 194810K [0x00000000eb300000, 0x00000000ff180000, 0x0000000100000000)
  eden space 299520K, 65% used [0x00000000eb300000,0x00000000f713e938,0x00000000fd780000)
  from space 7168K, 0% used [0x00000000fd780000,0x00000000fd780000,0x00000000fde80000)
  to   space 13312K, 0% used [0x00000000fe480000,0x00000000fe480000,0x00000000ff180000)
 ParOldGen       total 76288K, used 55594K [0x00000000c1800000, 0x00000000c6280000, 0x00000000eb300000)
  object space 76288K, 72% used [0x00000000c1800000,0x00000000c4e4a930,0x00000000c6280000)
 Metaspace       used 66168K, capacity 70458K, committed 70656K, reserved 1110016K
  class space    used 8785K, capacity 9618K, committed 9728K, reserved 1048576K
Event: 576.136 GC heap after
Heap after GC invocations=33 (full 11):
 PSYoungGen      total 311808K, used 7159K [0x00000000eb300000, 0x00000000ff080000, 0x0000000100000000)
  eden space 299520K, 0% used [0x00000000eb300000,0x00000000eb300000,0x00000000fd780000)
  from space 12288K, 58% used [0x00000000fe480000,0x00000000feb7dd38,0x00000000ff080000)
  to   space 12800K, 0% used [0x00000000fd780000,0x00000000fd780000,0x00000000fe400000)
 ParOldGen       total 76288K, used 55602K [0x00000000c1800000, 0x00000000c6280000, 0x00000000eb300000)
  object space 76288K, 72% used [0x00000000c1800000,0x00000000c4e4c930,0x00000000c6280000)
 Metaspace       used 66168K, capacity 70458K, committed 70656K, reserved 1110016K
  class space    used 8785K, capacity 9618K, committed 9728K, reserved 1048576K
}
Event: 576.136 GC heap before
{Heap before GC invocations=34 (full 12):
 PSYoungGen      total 311808K, used 7159K [0x00000000eb300000, 0x00000000ff080000, 0x0000000100000000)
  eden space 299520K, 0% used [0x00000000eb300000,0x00000000eb300000,0x00000000fd780000)
  from space 12288K, 58% used [0x00000000fe480000,0x00000000feb7dd38,0x00000000ff080000)
  to   space 12800K, 0% used [0x00000000fd780000,0x00000000fd780000,0x00000000fe400000)
 ParOldGen       total 76288K, used 55602K [0x00000000c1800000, 0x00000000c6280000, 0x00000000eb300000)
  object space 76288K, 72% used [0x00000000c1800000,0x00000000c4e4c930,0x00000000c6280000)
 Metaspace       used 66168K, capacity 70458K, committed 70656K, reserved 1110016K
  class space    used 8785K, capacity 9618K, committed 9728K, reserved 1048576K
Event: 576.329 GC heap after
Heap after GC invocations=34 (full 12):
 PSYoungGen      total 311808K, used 0K [0x00000000eb300000, 0x00000000ff080000, 0x0000000100000000)
  eden space 299520K, 0% used [0x00000000eb300000,0x00000000eb300000,0x00000000fd780000)
  from space 12288K, 0% used [0x00000000fe480000,0x00000000fe480000,0x00000000ff080000)
  to   space 12800K, 0% used [0x00000000fd780000,0x00000000fd780000,0x00000000fe400000)
 ParOldGen       total 76288K, used 58624K [0x00000000c1800000, 0x00000000c6280000, 0x00000000eb300000)
  object space 76288K, 76% used [0x00000000c1800000,0x00000000c5140258,0x00000000c6280000)
 Metaspace       used 66168K, capacity 70458K, committed 70656K, reserved 1110016K
  class space    used 8785K, capacity 9618K, committed 9728K, reserved 1048576K
}
Event: 583.159 GC heap before
{Heap before GC invocations=35 (full 12):
 PSYoungGen      total 311808K, used 299520K [0x00000000eb300000, 0x00000000ff080000, 0x0000000100000000)
  eden space 299520K, 100% used [0x00000000eb300000,0x00000000fd780000,0x00000000fd780000)
  from space 12288K, 0% used [0x00000000fe480000,0x00000000fe480000,0x00000000ff080000)
  to   space 12800K, 0% used [0x00000000fd780000,0x00000000fd780000,0x00000000fe400000)
 ParOldGen       total 76288K, used 58624K [0x00000000c1800000, 0x00000000c6280000, 0x00000000eb300000)
  object space 76288K, 76% used [0x00000000c1800000,0x00000000c5140258,0x00000000c6280000)
 Metaspace       used 66764K, capacity 71172K, committed 71424K, reserved 1112064K
  class space    used 8827K, capacity 9700K, committed 9728K, reserved 1048576K
Event: 583.176 GC heap after
Heap after GC invocations=35 (full 12):
 PSYoungGen      total 312320K, used 12790K [0x00000000eb300000, 0x0000000100000000, 0x0000000100000000)
  eden space 299520K, 0% used [0x00000000eb300000,0x00000000eb300000,0x00000000fd780000)
  from space 12800K, 99% used [0x00000000fd780000,0x00000000fe3fdb70,0x00000000fe400000)
  to   space 15872K, 0% used [0x00000000ff080000,0x00000000ff080000,0x0000000100000000)
 ParOldGen       total 76288K, used 62820K [0x00000000c1800000, 0x00000000c6280000, 0x00000000eb300000)
  object space 76288K, 82% used [0x00000000c1800000,0x00000000c5559098,0x00000000c6280000)
 Metaspace       used 66764K, capacity 71172K, committed 71424K, reserved 1112064K
  class space    used 8827K, capacity 9700K, committed 9728K, reserved 1048576K
}

