# JRE version: Java(TM) SE Runtime Environment (8.0_121-b13) (build 1.8.0_121-b13)
# Java VM: Java HotSpot(TM) 64-Bit Server VM (25.121-b13 mixed mode windows-amd64 compressed oops)
Heap:
 PSYoungGen      total 214528K, used 31093K [0x00000000eb300000, 0x00000000fcf80000, 0x0000000100000000)
  eden space 195584K, 15% used [0x00000000eb300000,0x00000000ed15d7c8,0x00000000f7200000)
  from space 18944K, 0% used [0x00000000f7200000,0x00000000f7200000,0x00000000f8480000)
  to   space 18944K, 0% used [0x00000000fbd00000,0x00000000fbd00000,0x00000000fcf80000)
 ParOldGen       total 56320K, used 32635K [0x00000000c1800000, 0x00000000c4f00000, 0x00000000eb300000)
  object space 56320K, 57% used [0x00000000c1800000,0x00000000c37dec38,0x00000000c4f00000)
 Metaspace       used 56692K, capacity 59496K, committed 59544K, reserved 1099776K
  class space    used 7838K, capacity 8316K, committed 8360K, reserved 1048576K
GC Heap History (10 events):
Event: 8.305 GC heap before
{Heap before GC invocations=12 (full 1):
 PSYoungGen      total 158208K, used 36664K [0x00000000eb300000, 0x00000000f7600000, 0x0000000100000000)
  eden space 147456K, 17% used [0x00000000eb300000,0x00000000ecc55a08,0x00000000f4300000)
  from space 10752K, 99% used [0x00000000f5100000,0x00000000f5b78860,0x00000000f5b80000)
  to   space 14336K, 0% used [0x00000000f4300000,0x00000000f4300000,0x00000000f5100000)
 ParOldGen       total 31744K, used 18545K [0x00000000c1800000, 0x00000000c3700000, 0x00000000eb300000)
  object space 31744K, 58% used [0x00000000c1800000,0x00000000c2a1c578,0x00000000c3700000)
 Metaspace       used 33778K, capacity 35380K, committed 35496K, reserved 1079296K
  class space    used 4407K, capacity 4696K, committed 4776K, reserved 1048576K
Event: 8.314 GC heap after
Heap after GC invocations=12 (full 1):
 PSYoungGen      total 161792K, used 799K [0x00000000eb300000, 0x00000000f9500000, 0x0000000100000000)
  eden space 147456K, 0% used [0x00000000eb300000,0x00000000eb300000,0x00000000f4300000)
  from space 14336K, 5% used [0x00000000f4300000,0x00000000f43c7c38,0x00000000f5100000)
  to   space 14336K, 0% used [0x00000000f8700000,0x00000000f8700000,0x00000000f9500000)
 ParOldGen       total 31744K, used 29019K [0x00000000c1800000, 0x00000000c3700000, 0x00000000eb300000)
  object space 31744K, 91% used [0x00000000c1800000,0x00000000c3456de0,0x00000000c3700000)
 Metaspace       used 33778K, capacity 35380K, committed 35496K, reserved 1079296K
  class space    used 4407K, capacity 4696K, committed 4776K, reserved 1048576K
}
Event: 8.314 GC heap before
{Heap before GC invocations=13 (full 2):
 PSYoungGen      total 161792K, used 799K [0x00000000eb300000, 0x00000000f9500000, 0x0000000100000000)
  eden space 147456K, 0% used [0x00000000eb300000,0x00000000eb300000,0x00000000f4300000)
  from space 14336K, 5% used [0x00000000f4300000,0x00000000f43c7c38,0x00000000f5100000)
  to   space 14336K, 0% used [0x00000000f8700000,0x00000000f8700000,0x00000000f9500000)
 ParOldGen       total 31744K, used 29019K [0x00000000c1800000, 0x00000000c3700000, 0x00000000eb300000)
  object space 31744K, 91% used [0x00000000c1800000,0x00000000c3456de0,0x00000000c3700000)
 Metaspace       used 33778K, capacity 35380K, committed 35496K, reserved 1079296K
  class space    used 4407K, capacity 4696K, committed 4776K, reserved 1048576K
Event: 8.370 GC heap after
Heap after GC invocations=13 (full 2):
 PSYoungGen      total 161792K, used 0K [0x00000000eb300000, 0x00000000f9500000, 0x0000000100000000)
  eden space 147456K, 0% used [0x00000000eb300000,0x00000000eb300000,0x00000000f4300000)
  from space 14336K, 0% used [0x00000000f4300000,0x00000000f4300000,0x00000000f5100000)
  to   space 14336K, 0% used [0x00000000f8700000,0x00000000f8700000,0x00000000f9500000)
 ParOldGen       total 56320K, used 18211K [0x00000000c1800000, 0x00000000c4f00000, 0x00000000eb300000)
  object space 56320K, 32% used [0x00000000c1800000,0x00000000c29c8c20,0x00000000c4f00000)
 Metaspace       used 33778K, capacity 35380K, committed 35496K, reserved 1079296K
  class space    used 4407K, capacity 4696K, committed 4776K, reserved 1048576K
}
Event: 16.211 GC heap before
{Heap before GC invocations=14 (full 2):
 PSYoungGen      total 161792K, used 147456K [0x00000000eb300000, 0x00000000f9500000, 0x0000000100000000)
  eden space 147456K, 100% used [0x00000000eb300000,0x00000000f4300000,0x00000000f4300000)
  from space 14336K, 0% used [0x00000000f4300000,0x00000000f4300000,0x00000000f5100000)
  to   space 14336K, 0% used [0x00000000f8700000,0x00000000f8700000,0x00000000f9500000)
 ParOldGen       total 56320K, used 18211K [0x00000000c1800000, 0x00000000c4f00000, 0x00000000eb300000)
  object space 56320K, 32% used [0x00000000c1800000,0x00000000c29c8c20,0x00000000c4f00000)
 Metaspace       used 51847K, capacity 53738K, committed 54184K, reserved 1095680K
  class space    used 7098K, capacity 7487K, committed 7592K, reserved 1048576K
Event: 16.225 GC heap after
Heap after GC invocations=14 (full 2):
 PSYoungGen      total 209920K, used 14318K [0x00000000eb300000, 0x00000000f9700000, 0x0000000100000000)
  eden space 195584K, 0% used [0x00000000eb300000,0x00000000eb300000,0x00000000f7200000)
  from space 14336K, 99% used [0x00000000f8700000,0x00000000f94fb8f0,0x00000000f9500000)
  to   space 18944K, 0% used [0x00000000f7200000,0x00000000f7200000,0x00000000f8480000)
 ParOldGen       total 56320K, used 24315K [0x00000000c1800000, 0x00000000c4f00000, 0x00000000eb300000)
  object space 56320K, 43% used [0x00000000c1800000,0x00000000c2fbee48,0x00000000c4f00000)
 Metaspace       used 51847K, capacity 53738K, committed 54184K, reserved 1095680K
  class space    used 7098K, capacity 7487K, committed 7592K, reserved 1048576K
}
Event: 19.854 GC heap before
{Heap before GC invocations=15 (full 2):
 PSYoungGen      total 209920K, used 139049K [0x00000000eb300000, 0x00000000f9700000, 0x0000000100000000)
  eden space 195584K, 63% used [0x00000000eb300000,0x00000000f2cced00,0x00000000f7200000)
  from space 14336K, 99% used [0x00000000f8700000,0x00000000f94fb8f0,0x00000000f9500000)
  to   space 18944K, 0% used [0x00000000f7200000,0x00000000f7200000,0x00000000f8480000)
 ParOldGen       total 56320K, used 24315K [0x00000000c1800000, 0x00000000c4f00000, 0x00000000eb300000)
  object space 56320K, 43% used [0x00000000c1800000,0x00000000c2fbee48,0x00000000c4f00000)
 Metaspace       used 56272K, capacity 59008K, committed 59160K, reserved 1099776K
  class space    used 7757K, capacity 8222K, committed 8232K, reserved 1048576K
Event: 19.865 GC heap after
Heap after GC invocations=15 (full 2):
 PSYoungGen      total 214528K, used 9533K [0x00000000eb300000, 0x00000000fcf80000, 0x0000000100000000)
  eden space 195584K, 0% used [0x00000000eb300000,0x00000000eb300000,0x00000000f7200000)
  from space 18944K, 50% used [0x00000000f7200000,0x00000000f7b4f5d8,0x00000000f8480000)
  to   space 18944K, 0% used [0x00000000fbd00000,0x00000000fbd00000,0x00000000fcf80000)
 ParOldGen       total 56320K, used 30567K [0x00000000c1800000, 0x00000000c4f00000, 0x00000000eb300000)
  object space 56320K, 54% used [0x00000000c1800000,0x00000000c35d9ff8,0x00000000c4f00000)
 Metaspace       used 56272K, capacity 59008K, committed 59160K, reserved 1099776K
  class space    used 7757K, capacity 8222K, committed 8232K, reserved 1048576K
}
Event: 19.865 GC heap before
{Heap before GC invocations=16 (full 3):
 PSYoungGen      total 214528K, used 9533K [0x00000000eb300000, 0x00000000fcf80000, 0x0000000100000000)
  eden space 195584K, 0% used [0x00000000eb300000,0x00000000eb300000,0x00000000f7200000)
  from space 18944K, 50% used [0x00000000f7200000,0x00000000f7b4f5d8,0x00000000f8480000)
  to   space 18944K, 0% used [0x00000000fbd00000,0x00000000fbd00000,0x00000000fcf80000)
 ParOldGen       total 56320K, used 30567K [0x00000000c1800000, 0x00000000c4f00000, 0x00000000eb300000)
  object space 56320K, 54% used [0x00000000c1800000,0x00000000c35d9ff8,0x00000000c4f00000)
 Metaspace       used 56272K, capacity 59008K, committed 59160K, reserved 1099776K
  class space    used 7757K, capacity 8222K, committed 8232K, reserved 1048576K
Event: 20.076 GC heap after
Heap after GC invocations=16 (full 3):
 PSYoungGen      total 214528K, used 0K [0x00000000eb300000, 0x00000000fcf80000, 0x0000000100000000)
  eden space 195584K, 0% used [0x00000000eb300000,0x00000000eb300000,0x00000000f7200000)
  from space 18944K, 0% used [0x00000000f7200000,0x00000000f7200000,0x00000000f8480000)
  to   space 18944K, 0% used [0x00000000fbd00000,0x00000000fbd00000,0x00000000fcf80000)
 ParOldGen       total 56320K, used 32635K [0x00000000c1800000, 0x00000000c4f00000, 0x00000000eb300000)
  object space 56320K, 57% used [0x00000000c1800000,0x00000000c37dec38,0x00000000c4f00000)
 Metaspace       used 56272K, capacity 59008K, committed 59160K, reserved 1099776K
  class space    used 7757K, capacity 8222K, committed 8232K, reserved 1048576K
}

