# JRE version: Java(TM) SE Runtime Environment (8.0_121-b13) (build 1.8.0_121-b13)
# Java VM: Java HotSpot(TM) 64-Bit Server VM (25.121-b13 mixed mode windows-amd64 compressed oops)
Heap:
 PSYoungGen      total 274944K, used 166000K [0x00000000eb300000, 0x0000000100000000, 0x0000000100000000)
  eden space 254464K, 65% used [0x00000000eb300000,0x00000000f551c028,0x00000000fab80000)
  from space 20480K, 0% used [0x00000000fab80000,0x00000000fab80000,0x00000000fbf80000)
  to   space 19456K, 0% used [0x00000000fed00000,0x00000000fed00000,0x0000000100000000)
 ParOldGen       total 69120K, used 31630K [0x00000000c1800000, 0x00000000c5b80000, 0x00000000eb300000)
  object space 69120K, 45% used [0x00000000c1800000,0x00000000c36e3aa8,0x00000000c5b80000)
 Metaspace       used 62806K, capacity 66180K, committed 66304K, reserved 1105920K
  class space    used 8588K, capacity 9156K, committed 9216K, reserved 1048576K
GC Heap History (10 events):
Event: 33.946 GC heap before
{Heap before GC invocations=12 (full 1):
 PSYoungGen      total 185856K, used 25798K [0x00000000eb300000, 0x00000000f8280000, 0x0000000100000000)
  eden space 174080K, 8% used [0x00000000eb300000,0x00000000ec0b3328,0x00000000f5d00000)
  from space 11776K, 99% used [0x00000000f6c00000,0x00000000f777e848,0x00000000f7780000)
  to   space 15360K, 0% used [0x00000000f5d00000,0x00000000f5d00000,0x00000000f6c00000)
 ParOldGen       total 30208K, used 18054K [0x00000000c1800000, 0x00000000c3580000, 0x00000000eb300000)
  object space 30208K, 59% used [0x00000000c1800000,0x00000000c29a1900,0x00000000c3580000)
 Metaspace       used 33797K, capacity 35410K, committed 35456K, reserved 1079296K
  class space    used 4411K, capacity 4726K, committed 4736K, reserved 1048576K
Event: 33.957 GC heap after
Heap after GC invocations=12 (full 1):
 PSYoungGen      total 189440K, used 804K [0x00000000eb300000, 0x00000000fcf80000, 0x0000000100000000)
  eden space 174080K, 0% used [0x00000000eb300000,0x00000000eb300000,0x00000000f5d00000)
  from space 15360K, 5% used [0x00000000f5d00000,0x00000000f5dc9128,0x00000000f6c00000)
  to   space 15360K, 0% used [0x00000000fc080000,0x00000000fc080000,0x00000000fcf80000)
 ParOldGen       total 30208K, used 29826K [0x00000000c1800000, 0x00000000c3580000, 0x00000000eb300000)
  object space 30208K, 98% used [0x00000000c1800000,0x00000000c35209c0,0x00000000c3580000)
 Metaspace       used 33797K, capacity 35410K, committed 35456K, reserved 1079296K
  class space    used 4411K, capacity 4726K, committed 4736K, reserved 1048576K
}
Event: 33.957 GC heap before
{Heap before GC invocations=13 (full 2):
 PSYoungGen      total 189440K, used 804K [0x00000000eb300000, 0x00000000fcf80000, 0x0000000100000000)
  eden space 174080K, 0% used [0x00000000eb300000,0x00000000eb300000,0x00000000f5d00000)
  from space 15360K, 5% used [0x00000000f5d00000,0x00000000f5dc9128,0x00000000f6c00000)
  to   space 15360K, 0% used [0x00000000fc080000,0x00000000fc080000,0x00000000fcf80000)
 ParOldGen       total 30208K, used 29826K [0x00000000c1800000, 0x00000000c3580000, 0x00000000eb300000)
  object space 30208K, 98% used [0x00000000c1800000,0x00000000c35209c0,0x00000000c3580000)
 Metaspace       used 33797K, capacity 35410K, committed 35456K, reserved 1079296K
  class space    used 4411K, capacity 4726K, committed 4736K, reserved 1048576K
Event: 34.010 GC heap after
Heap after GC invocations=13 (full 2):
 PSYoungGen      total 189440K, used 0K [0x00000000eb300000, 0x00000000fcf80000, 0x0000000100000000)
  eden space 174080K, 0% used [0x00000000eb300000,0x00000000eb300000,0x00000000f5d00000)
  from space 15360K, 0% used [0x00000000f5d00000,0x00000000f5d00000,0x00000000f6c00000)
  to   space 15360K, 0% used [0x00000000fc080000,0x00000000fc080000,0x00000000fcf80000)
 ParOldGen       total 49152K, used 18307K [0x00000000c1800000, 0x00000000c4800000, 0x00000000eb300000)
  object space 49152K, 37% used [0x00000000c1800000,0x00000000c29e0e18,0x00000000c4800000)
 Metaspace       used 33797K, capacity 35410K, committed 35456K, reserved 1079296K
  class space    used 4411K, capacity 4726K, committed 4736K, reserved 1048576K
}
Event: 46.480 GC heap before
{Heap before GC invocations=14 (full 2):
 PSYoungGen      total 189440K, used 174080K [0x00000000eb300000, 0x00000000fcf80000, 0x0000000100000000)
  eden space 174080K, 100% used [0x00000000eb300000,0x00000000f5d00000,0x00000000f5d00000)
  from space 15360K, 0% used [0x00000000f5d00000,0x00000000f5d00000,0x00000000f6c00000)
  to   space 15360K, 0% used [0x00000000fc080000,0x00000000fc080000,0x00000000fcf80000)
 ParOldGen       total 49152K, used 18307K [0x00000000c1800000, 0x00000000c4800000, 0x00000000eb300000)
  object space 49152K, 37% used [0x00000000c1800000,0x00000000c29e0e18,0x00000000c4800000)
 Metaspace       used 53934K, capacity 56278K, committed 56576K, reserved 1097728K
  class space    used 7423K, capacity 7875K, committed 7936K, reserved 1048576K
Event: 46.507 GC heap after
Heap after GC invocations=14 (full 2):
 PSYoungGen      total 269824K, used 15356K [0x00000000eb300000, 0x00000000fd380000, 0x0000000100000000)
  eden space 254464K, 0% used [0x00000000eb300000,0x00000000eb300000,0x00000000fab80000)
  from space 15360K, 99% used [0x00000000fc080000,0x00000000fcf7f3d8,0x00000000fcf80000)
  to   space 20480K, 0% used [0x00000000fab80000,0x00000000fab80000,0x00000000fbf80000)
 ParOldGen       total 49152K, used 25744K [0x00000000c1800000, 0x00000000c4800000, 0x00000000eb300000)
  object space 49152K, 52% used [0x00000000c1800000,0x00000000c3124270,0x00000000c4800000)
 Metaspace       used 53934K, capacity 56278K, committed 56576K, reserved 1097728K
  class space    used 7423K, capacity 7875K, committed 7936K, reserved 1048576K
}
Event: 47.629 GC heap before
{Heap before GC invocations=15 (full 2):
 PSYoungGen      total 269824K, used 116691K [0x00000000eb300000, 0x00000000fd380000, 0x0000000100000000)
  eden space 254464K, 39% used [0x00000000eb300000,0x00000000f15f58f8,0x00000000fab80000)
  from space 15360K, 99% used [0x00000000fc080000,0x00000000fcf7f3d8,0x00000000fcf80000)
  to   space 20480K, 0% used [0x00000000fab80000,0x00000000fab80000,0x00000000fbf80000)
 ParOldGen       total 49152K, used 25744K [0x00000000c1800000, 0x00000000c4800000, 0x00000000eb300000)
  object space 49152K, 52% used [0x00000000c1800000,0x00000000c3124270,0x00000000c4800000)
 Metaspace       used 56314K, capacity 58972K, committed 59096K, reserved 1099776K
  class space    used 7764K, capacity 8254K, committed 8320K, reserved 1048576K
Event: 47.653 GC heap after
Heap after GC invocations=15 (full 2):
 PSYoungGen      total 274944K, used 7122K [0x00000000eb300000, 0x0000000100000000, 0x0000000100000000)
  eden space 254464K, 0% used [0x00000000eb300000,0x00000000eb300000,0x00000000fab80000)
  from space 20480K, 34% used [0x00000000fab80000,0x00000000fb2748e8,0x00000000fbf80000)
  to   space 19456K, 0% used [0x00000000fed00000,0x00000000fed00000,0x0000000100000000)
 ParOldGen       total 49152K, used 33177K [0x00000000c1800000, 0x00000000c4800000, 0x00000000eb300000)
  object space 49152K, 67% used [0x00000000c1800000,0x00000000c3866450,0x00000000c4800000)
 Metaspace       used 56314K, capacity 58972K, committed 59096K, reserved 1099776K
  class space    used 7764K, capacity 8254K, committed 8320K, reserved 1048576K
}
Event: 47.653 GC heap before
{Heap before GC invocations=16 (full 3):
 PSYoungGen      total 274944K, used 7122K [0x00000000eb300000, 0x0000000100000000, 0x0000000100000000)
  eden space 254464K, 0% used [0x00000000eb300000,0x00000000eb300000,0x00000000fab80000)
  from space 20480K, 34% used [0x00000000fab80000,0x00000000fb2748e8,0x00000000fbf80000)
  to   space 19456K, 0% used [0x00000000fed00000,0x00000000fed00000,0x0000000100000000)
 ParOldGen       total 49152K, used 33177K [0x00000000c1800000, 0x00000000c4800000, 0x00000000eb300000)
  object space 49152K, 67% used [0x00000000c1800000,0x00000000c3866450,0x00000000c4800000)
 Metaspace       used 56314K, capacity 58972K, committed 59096K, reserved 1099776K
  class space    used 7764K, capacity 8254K, committed 8320K, reserved 1048576K
Event: 47.888 GC heap after
Heap after GC invocations=16 (full 3):
 PSYoungGen      total 274944K, used 0K [0x00000000eb300000, 0x0000000100000000, 0x0000000100000000)
  eden space 254464K, 0% used [0x00000000eb300000,0x00000000eb300000,0x00000000fab80000)
  from space 20480K, 0% used [0x00000000fab80000,0x00000000fab80000,0x00000000fbf80000)
  to   space 19456K, 0% used [0x00000000fed00000,0x00000000fed00000,0x0000000100000000)
 ParOldGen       total 69120K, used 31630K [0x00000000c1800000, 0x00000000c5b80000, 0x00000000eb300000)
  object space 69120K, 45% used [0x00000000c1800000,0x00000000c36e3aa8,0x00000000c5b80000)
 Metaspace       used 56314K, capacity 58972K, committed 59096K, reserved 1099776K
  class space    used 7764K, capacity 8254K, committed 8320K, reserved 1048576K
}

